../../../../persistence/src/test/resources/test-persistence.xml